<?xml version="1.0" encoding="UTF-8"?>
<testng-results ignored="0" total="1" passed="1" failed="0" skipped="0">
  <reporter-output>
  </reporter-output>
  <suite started-at="2022-04-26T16:05:02 IST" name="Default suite" finished-at="2022-04-26T16:05:03 IST" duration-ms="900">
    <groups>
    </groups>
    <test started-at="2022-04-26T16:05:02 IST" name="Default test" finished-at="2022-04-26T16:05:03 IST" duration-ms="900">
      <class name="com.rest.DELETEproduct">
        <test-method signature="f()[pri:0, instance:com.rest.DELETEproduct@1ba9117e]" started-at="2022-04-26T16:05:02 IST" name="f" finished-at="2022-04-26T16:05:03 IST" duration-ms="879" status="PASS">
          <reporter-output>
          </reporter-output>
        </test-method> <!-- f -->
      </class> <!-- com.rest.DELETEproduct -->
    </test> <!-- Default test -->
  </suite> <!-- Default suite -->
</testng-results>
